<?xml version="1.0" encoding="UTF-8"?>
<!-- Generated by org.testng.reporters.JUnitReportReporter -->
<testsuite hostname="IN-PF42S2SA" failures="0" tests="1" name="selenium.com.data.ExcelDataDriven" time="0.575" errors="0" timestamp="2024-07-23T17:44:28 IST" skipped="0">
  <testcase classname="selenium.com.data.ExcelDataDriven" name="getData" time="0.575"/>
</testsuite> <!-- selenium.com.data.ExcelDataDriven -->
