<?xml version="1.0" encoding="UTF-8"?>
<!-- Generated by org.testng.reporters.JUnitReportReporter -->
<testsuite hostname="IN-PF42S2SA" failures="0" tests="3" name="selenium.com.testcases.HomePageTest" time="6.375" errors="0" timestamp="2024-07-26T16:27:35 IST" skipped="0">
  <testcase classname="selenium.com.testcases.HomePageTest" name="verifyLogoAtNavBar" time="1.216"/>
  <testcase classname="selenium.com.testcases.HomePageTest" name="verifyHeadingAtNavBar" time="2.295"/>
  <testcase classname="selenium.com.testcases.HomePageTest" name="navigateToOurShopPage" time="2.864"/>
</testsuite> <!-- selenium.com.testcases.HomePageTest -->
