<?xml version="1.0" encoding="UTF-8"?>
<!-- Generated by org.testng.reporters.JUnitReportReporter -->
<testsuite hostname="IN-PF42S2SA" failures="0" tests="1" name="selenium.com.testcases.OrderConfirmationPageTest" time="6.329" errors="0" timestamp="2024-07-24T14:59:04 IST" skipped="0">
  <testcase classname="selenium.com.testcases.OrderConfirmationPageTest" name="verifySuccessMessage" time="6.329"/>
</testsuite> <!-- selenium.com.testcases.OrderConfirmationPageTest -->
