<?xml version="1.0" encoding="UTF-8"?>
<!-- Generated by org.testng.reporters.JUnitReportReporter -->
<testsuite hostname="IN-PF42S2SA" failures="0" tests="2" name="selenium.com.testcases.PaymentPageTest" time="2.562" errors="0" timestamp="2024-07-24T14:59:04 IST" skipped="0">
  <testcase classname="selenium.com.testcases.PaymentPageTest" name="enterPaymentDetails" time="2.430"/>
  <testcase classname="selenium.com.testcases.PaymentPageTest" name="makePayment" time="0.132"/>
</testsuite> <!-- selenium.com.testcases.PaymentPageTest -->
