<?xml version="1.0" encoding="UTF-8"?>
<!-- Generated by org.testng.reporters.JUnitReportReporter -->
<testsuite hostname="IN-PF42S2SA" failures="0" tests="6" name="selenium.com.testcases.CheckOutPageTest" time="10.605" errors="0" timestamp="2024-07-29T12:53:15 IST" skipped="0">
  <testcase classname="selenium.com.testcases.CheckOutPageTest" name="verifyShippingAndBillingAdressIsSelected" time="0.216"/>
  <testcase classname="selenium.com.testcases.CheckOutPageTest" name="continueToDispatch" time="2.176"/>
  <testcase classname="selenium.com.testcases.CheckOutPageTest" name="verifyShippingAndBillingAddress" time="0.116"/>
  <testcase classname="selenium.com.testcases.CheckOutPageTest" name="verifyShippingMethodIsSelected" time="0.472"/>
  <testcase classname="selenium.com.testcases.CheckOutPageTest" name="continueToReviewOrder" time="0.150"/>
  <testcase classname="selenium.com.testcases.CheckOutPageTest" name="navigateToMakePayementPage" time="7.475"/>
</testsuite> <!-- selenium.com.testcases.CheckOutPageTest -->
