<?xml version="1.0" encoding="UTF-8"?>
<!-- Generated by org.testng.reporters.JUnitReportReporter -->
<testsuite hostname="IN-PF42S2SA" failures="0" tests="3" name="selenium.com.testcases.HomePageTest" time="6.817" errors="0" timestamp="2024-07-24T14:59:04 IST" skipped="0">
  <testcase classname="selenium.com.testcases.HomePageTest" name="verifyLogoAtNavBar" time="0.242"/>
  <testcase classname="selenium.com.testcases.HomePageTest" name="verifyHeadingAtNavBar" time="0.055"/>
  <testcase classname="selenium.com.testcases.HomePageTest" name="navigateToOurShopPage" time="6.520"/>
</testsuite> <!-- selenium.com.testcases.HomePageTest -->
