<?xml version="1.0" encoding="UTF-8"?>
<!-- Generated by org.testng.reporters.JUnitReportReporter -->
<testsuite hostname="IN-PF42S2SA" failures="0" tests="1" name="selenium.com.baseTest.BaseTest" time="10.561" errors="0" timestamp="2024-07-22T13:38:36 IST" skipped="0">
  <testcase classname="selenium.com.baseTest.BaseTest" name="launchApplication" time="10.561"/>
</testsuite> <!-- selenium.com.baseTest.BaseTest -->
