<?xml version="1.0" encoding="UTF-8"?>
<!-- Generated by org.testng.reporters.JUnitReportReporter -->
<testsuite hostname="IN-PF42S2SA" failures="0" tests="2" name="selenium.com.testcases.LoginPageTest" time="3.141" errors="0" timestamp="2024-07-24T14:59:04 IST" skipped="0">
  <testcase classname="selenium.com.testcases.LoginPageTest" name="navigateToLoginPage" time="1.939"/>
  <testcase classname="selenium.com.testcases.LoginPageTest" name="login" time="1.202"/>
</testsuite> <!-- selenium.com.testcases.LoginPageTest -->
