<?xml version="1.0" encoding="UTF-8"?>
<!-- Generated by org.testng.reporters.JUnitReportReporter -->
<testsuite hostname="IN-PF42S2SA" failures="0" tests="5" name="selenium.com.testcases.PDPPageTest" time="11.626" errors="0" timestamp="2024-07-26T15:41:22 IST" skipped="0">
  <testcase classname="selenium.com.testcases.PDPPageTest" name="verifyTheProductName" time="0.192"/>
  <testcase classname="selenium.com.testcases.PDPPageTest" name="chooseColourAndSize" time="0.238"/>
  <testcase classname="selenium.com.testcases.PDPPageTest" name="specifyTheQuantity" time="8.974"/>
  <testcase classname="selenium.com.testcases.PDPPageTest" name="addProductToCart" time="0.101"/>
  <testcase classname="selenium.com.testcases.PDPPageTest" name="navigateToCartPage" time="2.121"/>
</testsuite> <!-- selenium.com.testcases.PDPPageTest -->
