<?xml version="1.0" encoding="UTF-8"?>
<!-- Generated by org.testng.reporters.JUnitReportReporter -->
<testsuite hostname="IN-PF42S2SA" failures="0" tests="1" name="selenium.com.testcases.Demo" time="9.787" errors="0" timestamp="2024-07-24T14:08:41 IST" skipped="0">
  <testcase classname="selenium.com.testcases.Demo" name="demo" time="9.787"/>
</testsuite> <!-- selenium.com.testcases.Demo -->
