<?xml version="1.0" encoding="UTF-8"?>
<!-- Generated by org.testng.reporters.JUnitReportReporter -->
<testsuite hostname="IN-PF42S2SA" failures="0" tests="1" name="selenium.com.testcases.OurShopPageTest" time="14.745" errors="0" timestamp="2024-07-26T16:27:35 IST" skipped="0">
  <testcase classname="selenium.com.testcases.OurShopPageTest" name="navigateToProductDetailPage" time="14.745"/>
</testsuite> <!-- selenium.com.testcases.OurShopPageTest -->
