<?xml version="1.0" encoding="UTF-8"?>
<!-- Generated by org.testng.reporters.JUnitReportReporter -->
<testsuite hostname="IN-PF42S2SA" failures="0" tests="3" name="selenium.com.testcases.HomePageTest" time="6.288" errors="0" timestamp="2024-07-29T12:53:15 IST" skipped="0">
  <testcase classname="selenium.com.testcases.HomePageTest" name="verifyLogoAtNavBar" time="0.177"/>
  <testcase classname="selenium.com.testcases.HomePageTest" name="verifyHeadingAtNavBar" time="1.867"/>
  <testcase classname="selenium.com.testcases.HomePageTest" name="navigateToOurShopPage" time="4.244"/>
</testsuite> <!-- selenium.com.testcases.HomePageTest -->
