<?xml version="1.0" encoding="UTF-8"?>
<!-- Generated by org.testng.reporters.JUnitReportReporter -->
<testsuite hostname="IN-PF42S2SA" failures="0" tests="6" name="selenium.com.testcases.CheckOutPageTest" time="8.387" errors="0" timestamp="2024-07-26T15:41:22 IST" skipped="0">
  <testcase classname="selenium.com.testcases.CheckOutPageTest" name="verifyShippingAndBillingAdressIsSelected" time="0.282"/>
  <testcase classname="selenium.com.testcases.CheckOutPageTest" name="continueToDispatch" time="2.204"/>
  <testcase classname="selenium.com.testcases.CheckOutPageTest" name="verifyShippingAndBillingAddress" time="0.120"/>
  <testcase classname="selenium.com.testcases.CheckOutPageTest" name="verifyShippingMethodIsSelected" time="0.336"/>
  <testcase classname="selenium.com.testcases.CheckOutPageTest" name="continueToReviewOrder" time="0.217"/>
  <testcase classname="selenium.com.testcases.CheckOutPageTest" name="navigateToMakePayementPage" time="5.228"/>
</testsuite> <!-- selenium.com.testcases.CheckOutPageTest -->
