<?xml version="1.0" encoding="UTF-8"?>
<!-- Generated by org.testng.reporters.JUnitReportReporter -->
<testsuite hostname="IN-PF42S2SA" failures="0" tests="2" name="selenium.com.testcases.PaymentPageTest" time="2.697" errors="0" timestamp="2024-07-26T15:41:22 IST" skipped="0">
  <testcase classname="selenium.com.testcases.PaymentPageTest" name="enterPaymentDetails" time="2.514"/>
  <testcase classname="selenium.com.testcases.PaymentPageTest" name="makePayment" time="0.183"/>
</testsuite> <!-- selenium.com.testcases.PaymentPageTest -->
