<?xml version="1.0" encoding="UTF-8"?>
<!-- Generated by org.testng.reporters.JUnitReportReporter -->
<testsuite hostname="IN-PF42S2SA" failures="0" tests="1" name="selenium.com.testcases.OurShopPageTest" time="13.549" errors="0" timestamp="2024-07-29T12:53:15 IST" skipped="0">
  <testcase classname="selenium.com.testcases.OurShopPageTest" name="navigateToProductDetailPage" time="13.549"/>
</testsuite> <!-- selenium.com.testcases.OurShopPageTest -->
