<?xml version="1.0" encoding="UTF-8"?>
<!-- Generated by org.testng.reporters.JUnitReportReporter -->
<testsuite hostname="IN-PF42S2SA" failures="0" tests="6" name="selenium.com.testcases.CheckOutPageTest" time="9.525" errors="0" timestamp="2024-07-26T16:27:35 IST" skipped="0">
  <testcase classname="selenium.com.testcases.CheckOutPageTest" name="verifyShippingAndBillingAdressIsSelected" time="0.239"/>
  <testcase classname="selenium.com.testcases.CheckOutPageTest" name="continueToDispatch" time="2.198"/>
  <testcase classname="selenium.com.testcases.CheckOutPageTest" name="verifyShippingAndBillingAddress" time="0.124"/>
  <testcase classname="selenium.com.testcases.CheckOutPageTest" name="verifyShippingMethodIsSelected" time="1.057"/>
  <testcase classname="selenium.com.testcases.CheckOutPageTest" name="continueToReviewOrder" time="0.192"/>
  <testcase classname="selenium.com.testcases.CheckOutPageTest" name="navigateToMakePayementPage" time="5.715"/>
</testsuite> <!-- selenium.com.testcases.CheckOutPageTest -->
