<?xml version="1.0" encoding="UTF-8"?>
<!-- Generated by org.testng.reporters.JUnitReportReporter -->
<testsuite hostname="IN-PF42S2SA" failures="0" tests="1" name="selenium.com.testcases.OrderConfirmationPageTest" time="3.833" errors="0" timestamp="2024-07-29T12:53:15 IST" skipped="0">
  <testcase classname="selenium.com.testcases.OrderConfirmationPageTest" name="verifySuccessMessage" time="3.833"/>
</testsuite> <!-- selenium.com.testcases.OrderConfirmationPageTest -->
