<?xml version="1.0" encoding="UTF-8"?>
<!-- Generated by org.testng.reporters.JUnitReportReporter -->
<testsuite hostname="IN-PF42S2SA" failures="0" tests="2" name="selenium.com.testcases.CartPageTest" time="4.010" errors="0" timestamp="2024-07-29T12:53:15 IST" skipped="0">
  <testcase classname="selenium.com.testcases.CartPageTest" name="verifyTheProductInCart" time="0.296"/>
  <testcase classname="selenium.com.testcases.CartPageTest" name="navigateToCheckOutPage" time="3.714"/>
</testsuite> <!-- selenium.com.testcases.CartPageTest -->
