<?xml version="1.0" encoding="UTF-8"?>
<!-- Generated by org.testng.reporters.JUnitReportReporter -->
<testsuite hostname="IN-PF42S2SA" failures="0" tests="2" name="selenium.com.testcases.LoginPageTest" time="4.617" errors="0" timestamp="2024-07-26T15:22:45 IST" skipped="0">
  <testcase classname="selenium.com.testcases.LoginPageTest" name="navigateToLoginPage" time="2.945"/>
  <testcase classname="selenium.com.testcases.LoginPageTest" name="login" time="1.672"/>
</testsuite> <!-- selenium.com.testcases.LoginPageTest -->
