<?xml version="1.0" encoding="UTF-8"?>
<!-- Generated by org.testng.reporters.JUnitReportReporter -->
<testsuite hostname="IN-PF42S2SA" failures="0" tests="3" name="selenium.com.testcases.HomePageTest" time="7.244" errors="0" timestamp="2024-07-26T15:41:22 IST" skipped="0">
  <testcase classname="selenium.com.testcases.HomePageTest" name="verifyLogoAtNavBar" time="4.960"/>
  <testcase classname="selenium.com.testcases.HomePageTest" name="verifyHeadingAtNavBar" time="0.062"/>
  <testcase classname="selenium.com.testcases.HomePageTest" name="navigateToOurShopPage" time="2.222"/>
</testsuite> <!-- selenium.com.testcases.HomePageTest -->
