<?xml version="1.0" encoding="UTF-8"?>
<!-- Generated by org.testng.reporters.JUnitReportReporter -->
<testsuite hostname="IN-PF42S2SA" failures="0" tests="5" name="selenium.com.testcases.PDPPageTest" time="3.380" errors="0" timestamp="2024-07-26T16:27:35 IST" skipped="0">
  <testcase classname="selenium.com.testcases.PDPPageTest" name="verifyTheProductName" time="0.195"/>
  <testcase classname="selenium.com.testcases.PDPPageTest" name="chooseColourAndSize" time="0.257"/>
  <testcase classname="selenium.com.testcases.PDPPageTest" name="specifyTheQuantity" time="0.372"/>
  <testcase classname="selenium.com.testcases.PDPPageTest" name="addProductToCart" time="0.125"/>
  <testcase classname="selenium.com.testcases.PDPPageTest" name="navigateToCartPage" time="2.431"/>
</testsuite> <!-- selenium.com.testcases.PDPPageTest -->
