<?xml version="1.0" encoding="UTF-8"?>
<!-- Generated by org.testng.reporters.JUnitReportReporter -->
<testsuite hostname="IN-PF42S2SA" failures="0" tests="2" name="selenium.com.testcases.CartPageTest" time="3.269" errors="0" timestamp="2024-07-24T14:59:04 IST" skipped="0">
  <testcase classname="selenium.com.testcases.CartPageTest" name="verifyTheProductInCart" time="0.289"/>
  <testcase classname="selenium.com.testcases.CartPageTest" name="navigateToCheckOutPage" time="2.980"/>
</testsuite> <!-- selenium.com.testcases.CartPageTest -->
