<?xml version="1.0" encoding="UTF-8"?>
<!-- Generated by org.testng.reporters.JUnitReportReporter -->
<testsuite hostname="IN-PF42S2SA" failures="0" tests="5" name="selenium.com.testcases.PDPPageTest" time="3.216" errors="0" timestamp="2024-07-29T12:53:15 IST" skipped="0">
  <testcase classname="selenium.com.testcases.PDPPageTest" name="verifyTheProductName" time="0.185"/>
  <testcase classname="selenium.com.testcases.PDPPageTest" name="chooseColourAndSize" time="0.184"/>
  <testcase classname="selenium.com.testcases.PDPPageTest" name="specifyTheQuantity" time="0.210"/>
  <testcase classname="selenium.com.testcases.PDPPageTest" name="addProductToCart" time="0.120"/>
  <testcase classname="selenium.com.testcases.PDPPageTest" name="navigateToCartPage" time="2.517"/>
</testsuite> <!-- selenium.com.testcases.PDPPageTest -->
