<?xml version="1.0" encoding="UTF-8"?>
<!-- Generated by org.testng.reporters.JUnitReportReporter -->
<testsuite hostname="IN-PF42S2SA" failures="0" tests="2" name="selenium.com.testcases.CartPageTest" time="2.721" errors="0" timestamp="2024-07-26T15:41:22 IST" skipped="0">
  <testcase classname="selenium.com.testcases.CartPageTest" name="verifyTheProductInCart" time="0.398"/>
  <testcase classname="selenium.com.testcases.CartPageTest" name="navigateToCheckOutPage" time="2.323"/>
</testsuite> <!-- selenium.com.testcases.CartPageTest -->
