<?xml version="1.0" encoding="UTF-8"?>
<!-- Generated by org.testng.reporters.JUnitReportReporter -->
<testsuite hostname="IN-PF42S2SA" failures="0" tests="1" name="selenium.com.testcases.DemoTest" time="12.327" errors="0" timestamp="2024-07-23T09:55:09 IST" skipped="0">
  <testcase classname="selenium.com.testcases.DemoTest" name="placeOrder" time="12.327"/>
</testsuite> <!-- selenium.com.testcases.DemoTest -->
