<?xml version="1.0" encoding="UTF-8"?>
<!-- Generated by org.testng.reporters.JUnitReportReporter -->
<testsuite hostname="IN-PF42S2SA" failures="0" tests="6" name="selenium.com.testcases.CheckOutPageTest" time="9.476" errors="0" timestamp="2024-07-24T14:59:04 IST" skipped="0">
  <testcase classname="selenium.com.testcases.CheckOutPageTest" name="verifyShippingAndBillingAdressIsSelected" time="0.143"/>
  <testcase classname="selenium.com.testcases.CheckOutPageTest" name="continueToDispatch" time="2.109"/>
  <testcase classname="selenium.com.testcases.CheckOutPageTest" name="verifyShippingAndBillingAddress" time="0.087"/>
  <testcase classname="selenium.com.testcases.CheckOutPageTest" name="verifyShippingMethodIsSelected" time="1.232"/>
  <testcase classname="selenium.com.testcases.CheckOutPageTest" name="continueToReviewOrder" time="0.098"/>
  <testcase classname="selenium.com.testcases.CheckOutPageTest" name="navigateToMakePayementPage" time="5.807"/>
</testsuite> <!-- selenium.com.testcases.CheckOutPageTest -->
