<?xml version="1.0" encoding="UTF-8"?>
<!-- Generated by org.testng.reporters.JUnitReportReporter -->
<testsuite hostname="IN-PF42S2SA" failures="0" tests="5" name="selenium.com.testcases.PDPPageTest" time="3.837" errors="0" timestamp="2024-07-24T14:59:04 IST" skipped="0">
  <testcase classname="selenium.com.testcases.PDPPageTest" name="verifyTheProductName" time="0.192"/>
  <testcase classname="selenium.com.testcases.PDPPageTest" name="chooseColourAndSize" time="0.121"/>
  <testcase classname="selenium.com.testcases.PDPPageTest" name="specifyTheQuantity" time="0.296"/>
  <testcase classname="selenium.com.testcases.PDPPageTest" name="addProductToCart" time="0.076"/>
  <testcase classname="selenium.com.testcases.PDPPageTest" name="navigateToCartPage" time="3.152"/>
</testsuite> <!-- selenium.com.testcases.PDPPageTest -->
